
> war-room@0.1.0 lint C:\Users\alexa\Workspaces\WarRoom
> biome check .

.\src\lib\hetzner.ts:8:29 lint/style/noUnusedTemplateLiteral  FIXABLE  ━━━━━━━━━━━━━━━━━━━━━━━━━━━━━

  × Do not use template literals if interpolation and special-character handling are not needed.
  
     7 │   try {
   > 8 │     const res = await fetch(`https://api.hetzner.cloud/v1/servers`, {
       │                             ^^^^^^^^^^^^^^^^^^^^^^^^^^^^^^^^^^^^^^
     9 │       headers: {
    10 │         Authorization: `Bearer ${HETZNER_API_TOKEN}`,
  
  i Unsafe fix: Replace with string literal
  
     6  6 │   
     7  7 │     try {
     8    │ - ····const·res·=·await·fetch(`https://api.hetzner.cloud/v1/servers`,·{
        8 │ + ····const·res·=·await·fetch('https://api.hetzner.cloud/v1/servers',·{
     9  9 │         headers: {
    10 10 │           Authorization: `Bearer ${HETZNER_API_TOKEN}`,
  

.\src\app\login\page.tsx:50:13 lint/a11y/noLabelWithoutControl ━━━━━━━━━━━━━━━━━━━━━━━━━━━━━━━━━━━━━

  × A form label must be associated with an input.
  
    48 │         <form onSubmit={handleSubmit} className="space-y-6">
    49 │           <div className="space-y-2">
  > 50 │             <label className="text-[10px] font-bold text-text-secondary uppercase">
       │             ^^^^^^^^^^^^^^^^^^^^^^^^^^^^^^^^^^^^^^^^^^^^^^^^^^^^^^^^^^^^^^^^^^^^^^^
  > 51 │               Access Key
  > 52 │             </label>
       │             ^^^^^^^^
    53 │             <div className="relative">
    54 │               <Lock
  
  i Consider adding a `for` or `htmlFor` attribute to the label element or moving the input element to inside the label element.
  

.\src\app\login\page.tsx:31:14 lint/correctness/noUnusedVariables  FIXABLE  ━━━━━━━━━━━━━━━━━━━━━━━━

  ! This variable is unused.
  
    29 │         setError('AUTHENTICATION FAILED: INVALID CREDENTIALS');
    30 │       }
  > 31 │     } catch (e) {
       │              ^
    32 │       setError('SYSTEM ERROR: UNABLE TO CONNECT');
    33 │     } finally {
  
  i Unused variables usually are result of incomplete refactoring, typos and other source of bugs.
  
  i Unsafe fix: If this is intentional, prepend e with an underscore.
  
    29 29 │           setError('AUTHENTICATION FAILED: INVALID CREDENTIALS');
    30 30 │         }
    31    │ - ····}·catch·(e)·{
       31 │ + ····}·catch·(_e)·{
    32 32 │         setError('SYSTEM ERROR: UNABLE TO CONNECT');
    33 33 │       } finally {
  

.\src\lib\github.ts:60:19 lint/suspicious/noExplicitAny ━━━━━━━━━━━━━━━━━━━━━━━━━━━━━━━━━━━━━━━━━━━━

  × Unexpected any. Specify a different type.
  
    58 │     });
    59 │     return { success: true };
  > 60 │   } catch (error: any) {
       │                   ^^^
    61 │     console.error(`Error dispatching workflow for ${repo}:`, error);
    62 │     return { success: false, error: error.message };
  
  i any disables many type checking rules. Its use should be avoided.
  

.\src\lib\github.ts:71:17 lint/suspicious/noExplicitAny ━━━━━━━━━━━━━━━━━━━━━━━━━━━━━━━━━━━━━━━━━━━━

  × Unexpected any. Specify a different type.
  
    70 │   const fm = match[1];
  > 71 │   const result: any = {};
       │                 ^^^
    72 │   fm.split('\n').forEach((line) => {
    73 │     const [key, ...value] = line.split(':');
  
  i any disables many type checking rules. Its use should be avoided.
  

.\src\lib\github.ts:72:3 lint/complexity/noForEach ━━━━━━━━━━━━━━━━━━━━━━━━━━━━━━━━━━━━━━━━━━━━━━━━━

  × Prefer for...of instead of forEach.
  
    70 │   const fm = match[1];
    71 │   const result: any = {};
  > 72 │   fm.split('\n').forEach((line) => {
       │   ^^^^^^^^^^^^^^^^^^^^^^^^^^^^^^^^^^
  > 73 │     const [key, ...value] = line.split(':');
        ...
  > 79 │     }
  > 80 │   });
       │   ^^
    81 │   return result;
    82 │ }
  
  i forEach may lead to performance issues when working with large arrays. When combined with functions like filter or map, this causes multiple iterations over the same type.
  

.\src\components\MissionBoard.tsx:7:44 lint/suspicious/noExplicitAny ━━━━━━━━━━━━━━━━━━━━━━━━━━━━━━━

  × Unexpected any. Specify a different type.
  
    6 │ export default function MissionBoard() {
  > 7 │   const [projects, setProjects] = useState<any[]>([]);
      │                                            ^^^
    8 │   const [auditData, setAuditData] = useState<any>(null);
    9 │   const [loading, setLoading] = useState(true);
  
  i any disables many type checking rules. Its use should be avoided.
  

.\src\components\MissionBoard.tsx:8:46 lint/suspicious/noExplicitAny ━━━━━━━━━━━━━━━━━━━━━━━━━━━━━━━

  × Unexpected any. Specify a different type.
  
     6 │ export default function MissionBoard() {
     7 │   const [projects, setProjects] = useState<any[]>([]);
   > 8 │   const [auditData, setAuditData] = useState<any>(null);
       │                                              ^^^
     9 │   const [loading, setLoading] = useState(true);
    10 │ 
  
  i any disables many type checking rules. Its use should be avoided.
  

.\src\components\MissionBoard.tsx:44:56 lint/suspicious/noExplicitAny ━━━━━━━━━━━━━━━━━━━━━━━━━━━━━━

  × Unexpected any. Specify a different type.
  
    42 │     <div className="grid grid-cols-1 md:grid-cols-2 lg:grid-cols-3 gap-4">
    43 │       {projects.map((project) => {
  > 44 │         const repoAudit = auditData?.vectors?.find((v: any) =>
       │                                                        ^^^
    45 │           v.findings?.some((f: string) => f.includes(project.name))
    46 │         );
  
  i any disables many type checking rules. Its use should be avoided.
  

.\src\components\MissionBoard.tsx:74:17 lint/a11y/noLabelWithoutControl ━━━━━━━━━━━━━━━━━━━━━━━━━━━━

  × A form label must be associated with an input.
  
    72 │             <div className="p-4 flex-1 space-y-4">
    73 │               <div className="space-y-1">
  > 74 │                 <label className="text-[10px] font-bold text-on-surface-variant/40 uppercase">
       │                 ^^^^^^^^^^^^^^^^^^^^^^^^^^^^^^^^^^^^^^^^^^^^^^^^^^^^^^^^^^^^^^^^^^^^^^^^^^^^^^
  > 75 │                   Environment
  > 76 │                 </label>
       │                 ^^^^^^^^
    77 │                 <div className="text-[11px] font-medium text-on-surface bg-background p-2 border border-outline-variant rounded-sm flex items-center justify-between">
    78 │                   <span className="truncate">{project.active?.sprintId || 'Production'}</span>
  
  i Consider adding a `for` or `htmlFor` attribute to the label element or moving the input element to inside the label element.
  

.\src\components\MissionBoard.tsx:84:17 lint/a11y/noLabelWithoutControl ━━━━━━━━━━━━━━━━━━━━━━━━━━━━

  × A form label must be associated with an input.
  
    83 │               <div className="space-y-2">
  > 84 │                 <label className="text-[10px] font-bold text-on-surface-variant/40 uppercase">
       │                 ^^^^^^^^^^^^^^^^^^^^^^^^^^^^^^^^^^^^^^^^^^^^^^^^^^^^^^^^^^^^^^^^^^^^^^^^^^^^^^
  > 85 │                   Key Milestones
  > 86 │                 </label>
       │                 ^^^^^^^^
    87 │                 <div className="space-y-1.5">
    88 │                   {project.active?.tasks?.slice(0, 3).map((task: any) => (
  
  i Consider adding a `for` or `htmlFor` attribute to the label element or moving the input element to inside the label element.
  

.\src\components\MissionBoard.tsx:88:66 lint/suspicious/noExplicitAny ━━━━━━━━━━━━━━━━━━━━━━━━━━━━━━

  × Unexpected any. Specify a different type.
  
    86 │                 </label>
    87 │                 <div className="space-y-1.5">
  > 88 │                   {project.active?.tasks?.slice(0, 3).map((task: any) => (
       │                                                                  ^^^
    89 │                     <div
    90 │                       key={task.id}
  
  i any disables many type checking rules. Its use should be avoided.
  

.\src\components\InfraMonitor.tsx:116:15 lint/style/useSelfClosingElements  FIXABLE  ━━━━━━━━━━━━━━━

  × JSX elements without children should be marked as self-closing. In JSX, it is valid for any element to be self-closing.
  
    114 │             </div>
    115 │             <div className="w-full bg-surface-container h-1.5 rounded-sm">
  > 116 │               <div
        │               ^^^^
  > 117 │                 className="bg-primary h-full transition-all duration-1000 rounded-sm"
  > 118 │                 style={{ width: `${cpuUsage}%` }}
  > 119 │               ></div>
        │               ^^^^^^^
    120 │             </div>
    121 │           </div>
  
  i Unsafe fix: Use a SelfClosingElement instead
  
    119 │ ··············></div>
        │               -- --- 

.\src\components\InfraMonitor.tsx:130:15 lint/style/useSelfClosingElements  FIXABLE  ━━━━━━━━━━━━━━━

  × JSX elements without children should be marked as self-closing. In JSX, it is valid for any element to be self-closing.
  
    128 │             </div>
    129 │             <div className="w-full bg-surface-container h-1.5 rounded-sm">
  > 130 │               <div
        │               ^^^^
  > 131 │                 className="bg-secondary h-full transition-all duration-1000 rounded-sm"
  > 132 │                 style={{ width: `${memUsagePercent}%` }}
  > 133 │               ></div>
        │               ^^^^^^^
    134 │             </div>
    135 │           </div>
  
  i Unsafe fix: Use a SelfClosingElement instead
  
    133 │ ··············></div>
        │               -- --- 

.\src\lib\auth.ts:8:40 lint/suspicious/noExplicitAny ━━━━━━━━━━━━━━━━━━━━━━━━━━━━━━━━━━━━━━━━━━━━━━━

  × Unexpected any. Specify a different type.
  
     6 │ const key = new TextEncoder().encode(process.env.AUTH_SECRET || secretKey);
     7 │ 
   > 8 │ export async function encrypt(payload: any) {
       │                                        ^^^
     9 │   return await new SignJWT(payload)
    10 │     .setProtectedHeader({ alg: 'HS256' })
  
  i any disables many type checking rules. Its use should be avoided.
  

.\src\lib\auth.ts:16:55 lint/suspicious/noExplicitAny ━━━━━━━━━━━━━━━━━━━━━━━━━━━━━━━━━━━━━━━━━━━━━━

  × Unexpected any. Specify a different type.
  
    14 │ }
    15 │ 
  > 16 │ export async function decrypt(input: string): Promise<any> {
       │                                                       ^^^
    17 │   const { payload } = await jwtVerify(input, key, {
    18 │     algorithms: ['HS256'],
  
  i any disables many type checking rules. Its use should be avoided.
  

.\src\lib\audit.ts:19:7 lint/suspicious/noImplicitAnyLet ━━━━━━━━━━━━━━━━━━━━━━━━━━━━━━━━━━━━━━━━━━━

  × This variable implicitly has the any type.
  
    18 │ export async function runEntropyAudit(owner: string, repos: string[]): Promise<AuditResult> {
  > 19 │   let results;
       │       ^^^^^^^
    20 │ 
    21 │   try {
  
  i Variable declarations without type annotation and initialization implicitly have the any type. Declare a type or initialize the variable with some value.
  

.\src\lib\audit.ts:48:3 lint/complexity/noForEach ━━━━━━━━━━━━━━━━━━━━━━━━━━━━━━━━━━━━━━━━━━━━━━━━━━

  × Prefer for...of instead of forEach.
  
    46 │   ];
    47 │ 
  > 48 │   results.forEach((res) => {
       │   ^^^^^^^^^^^^^^^^^^^^^^^^^^
  > 49 │     res.vectors.forEach((v, i) => {
  > 50 │       aggregatedVectors[i].score += v.score / repos.length;
  > 51 │       aggregatedVectors[i].findings.push(...v.findings);
  > 52 │     });
  > 53 │   });
       │   ^^
    54 │ 
    55 │   const totalScore = Number.parseFloat(
  
  i forEach may lead to performance issues when working with large arrays. When combined with functions like filter or map, this causes multiple iterations over the same type.
  

.\src\lib\audit.ts:93:61 lint/style/noNonNullAssertion ━━━━━━━━━━━━━━━━━━━━━━━━━━━━━━━━━━━━━━━━━━━━━

  ! Forbidden non-null assertion.
  
    91 │       .filter((r) => r.status === 'completed' && r.run_started_at)
    92 │       .map(
  > 93 │         (r) => (new Date(r.updated_at).getTime() - new Date(r.run_started_at!).getTime()) / 60000
       │                                                             ^^^^^^^^^^^^^^^^^
    94 │       );
    95 │     const avgDuration = durations.length
  

.\src\lib\audit.ts:86:11 lint/suspicious/noRedeclare ━━━━━━━━━━━━━━━━━━━━━━━━━━━━━━━━━━━━━━━━━━━━━━━

  × Shouldn't redeclare 'workflowRuns'. Consider to delete it or rename it.
  
    84 │     // ...
    85 │ 
  > 86 │     const workflowRuns = runs.data.workflow_runs || [];
       │           ^^^^^^^^^^^^
    87 │ 
    88 │     // 1. Feedback Latency (0-2)
  
  i 'workflowRuns' is defined here:
  
    80 │     // ... existing logic ...
  > 81 │     const workflowRuns = runs.data.workflow_runs || [];
       │           ^^^^^^^^^^^^
    82 │     // (I'm truncating for the replace call, but keeping logic intact)
    83 │     // ... rest of audit logic remains same as viewed ...
  

The number of diagnostics exceeds the number allowed by Biome.
Diagnostics not shown: 11.
Checked 33 files in 45ms. No fixes applied.
Found 27 errors.
Found 4 warnings.
check ━━━━━━━━━━━━━━━━━━━━━━━━━━━━━━━━━━━━━━━━━━━━━━━━━━━━━━━━━━━━━━━━━━━━━━━━━━━━━━━━━━━━━━━━━━━━━━

  × Some errors were emitted while running checks.
  

 ELIFECYCLE  Command failed with exit code 1.
