
> war-room@0.1.0 security C:\Users\alexa\Workspaces\WarRoom
> pnpm audit || true

(node:51316) [DEP0169] DeprecationWarning: `url.parse()` behavior is not standardized and prone to errors that have security implications. Use the WHATWG URL API instead. CVEs are not issued for `url.parse()` vulnerabilities.
(Use `node --trace-deprecation ...` to show where the warning was created)
┌─────────────────────┬────────────────────────────────────────────────────────┐
│ high                │ Next.js has a Denial of Service with Server Components │
├─────────────────────┼────────────────────────────────────────────────────────┤
│ Package             │ next                                                   │
├─────────────────────┼────────────────────────────────────────────────────────┤
│ Vulnerable versions │ >=16.0.0-beta.0 <16.2.3                                │
├─────────────────────┼────────────────────────────────────────────────────────┤
│ Patched versions    │ >=16.2.3                                               │
├─────────────────────┼────────────────────────────────────────────────────────┤
│ Paths               │ . > next@16.2.2                                        │
├─────────────────────┼────────────────────────────────────────────────────────┤
│ More info           │ https://github.com/advisories/GHSA-q4gf-8mx6-v5v3      │
└─────────────────────┴────────────────────────────────────────────────────────┘
1 vulnerabilities found
Severity: 1 high
'true' is not recognized as an internal or external command,
operable program or batch file.
 ELIFECYCLE  Command failed with exit code 1.
